# JRE version: OpenJDK Runtime Environment (11.0.10) (build 11.0.10+0-b96-7249189)
# Java VM: OpenJDK 64-Bit Server VM (11.0.10+0-b96-7249189, mixed mode, tiered, compressed oops, g1 gc, windows-amd64)
Heap:
 garbage-first heap   total 641024K, used 159789K [0x0000000700000000, 0x0000000800000000)
  region size 1024K, 14 young (14336K), 14 survivors (14336K)
 Metaspace       used 131639K, capacity 134887K, committed 135128K, reserved 1167360K
  class space    used 15846K, capacity 16973K, committed 17152K, reserved 1048576K
GC Heap History (20 events):
Event: 11203.037 GC heap after
{Heap after GC invocations=49 (full 0):
 garbage-first heap   total 315392K, used 153007K [0x0000000700000000, 0x0000000800000000)
  region size 1024K, 8 young (8192K), 8 survivors (8192K)
 Metaspace       used 129688K, capacity 132791K, committed 133720K, reserved 1165312K
  class space    used 15627K, capacity 16693K, committed 17024K, reserved 1048576K
}
Event: 11203.401 GC heap before
{Heap before GC invocations=50 (full 0):
 garbage-first heap   total 315392K, used 270767K [0x0000000700000000, 0x0000000800000000)
  region size 1024K, 123 young (125952K), 8 survivors (8192K)
 Metaspace       used 129724K, capacity 132791K, committed 133720K, reserved 1165312K
  class space    used 15634K, capacity 16693K, committed 17024K, reserved 1048576K
}
Event: 11203.408 GC heap after
{Heap after GC invocations=51 (full 0):
 garbage-first heap   total 315392K, used 150197K [0x0000000700000000, 0x0000000800000000)
  region size 1024K, 5 young (5120K), 5 survivors (5120K)
 Metaspace       used 129724K, capacity 132791K, committed 133720K, reserved 1165312K
  class space    used 15634K, capacity 16693K, committed 17024K, reserved 1048576K
}
Event: 11203.421 GC heap before
{Heap before GC invocations=51 (full 0):
 garbage-first heap   total 315392K, used 160437K [0x0000000700000000, 0x0000000800000000)
  region size 1024K, 15 young (15360K), 5 survivors (5120K)
 Metaspace       used 129726K, capacity 132823K, committed 133720K, reserved 1165312K
  class space    used 15635K, capacity 16725K, committed 17024K, reserved 1048576K
}
Event: 11203.430 GC heap after
{Heap after GC invocations=52 (full 0):
 garbage-first heap   total 385024K, used 146914K [0x0000000700000000, 0x0000000800000000)
  region size 1024K, 1 young (1024K), 1 survivors (1024K)
 Metaspace       used 129726K, capacity 132823K, committed 133720K, reserved 1165312K
  class space    used 15635K, capacity 16725K, committed 17024K, reserved 1048576K
}
Event: 11203.694 GC heap before
{Heap before GC invocations=52 (full 0):
 garbage-first heap   total 385024K, used 311778K [0x0000000700000000, 0x0000000800000000)
  region size 1024K, 162 young (165888K), 1 survivors (1024K)
 Metaspace       used 130073K, capacity 133173K, committed 134104K, reserved 1167360K
  class space    used 15688K, capacity 16780K, committed 17152K, reserved 1048576K
}
Event: 11203.700 GC heap after
{Heap after GC invocations=53 (full 0):
 garbage-first heap   total 385024K, used 148499K [0x0000000700000000, 0x0000000800000000)
  region size 1024K, 3 young (3072K), 3 survivors (3072K)
 Metaspace       used 130073K, capacity 133173K, committed 134104K, reserved 1167360K
  class space    used 15688K, capacity 16780K, committed 17152K, reserved 1048576K
}
Event: 11204.021 GC heap before
{Heap before GC invocations=53 (full 0):
 garbage-first heap   total 385024K, used 316435K [0x0000000700000000, 0x0000000800000000)
  region size 1024K, 167 young (171008K), 3 survivors (3072K)
 Metaspace       used 130776K, capacity 133958K, committed 134616K, reserved 1167360K
  class space    used 15757K, capacity 16861K, committed 17152K, reserved 1048576K
}
Event: 11204.027 GC heap after
{Heap after GC invocations=54 (full 0):
 garbage-first heap   total 385024K, used 152320K [0x0000000700000000, 0x0000000800000000)
  region size 1024K, 7 young (7168K), 7 survivors (7168K)
 Metaspace       used 130776K, capacity 133958K, committed 134616K, reserved 1167360K
  class space    used 15757K, capacity 16861K, committed 17152K, reserved 1048576K
}
Event: 11204.266 GC heap before
{Heap before GC invocations=54 (full 0):
 garbage-first heap   total 385024K, used 320256K [0x0000000700000000, 0x0000000800000000)
  region size 1024K, 171 young (175104K), 7 survivors (7168K)
 Metaspace       used 130798K, capacity 134025K, committed 134616K, reserved 1167360K
  class space    used 15761K, capacity 16862K, committed 17152K, reserved 1048576K
}
Event: 11204.273 GC heap after
{Heap after GC invocations=55 (full 0):
 garbage-first heap   total 385024K, used 154149K [0x0000000700000000, 0x0000000800000000)
  region size 1024K, 8 young (8192K), 8 survivors (8192K)
 Metaspace       used 130798K, capacity 134025K, committed 134616K, reserved 1167360K
  class space    used 15761K, capacity 16862K, committed 17152K, reserved 1048576K
}
Event: 11204.577 GC heap before
{Heap before GC invocations=55 (full 0):
 garbage-first heap   total 385024K, used 325157K [0x0000000700000000, 0x0000000800000000)
  region size 1024K, 174 young (178176K), 8 survivors (8192K)
 Metaspace       used 131249K, capacity 134480K, committed 134872K, reserved 1167360K
  class space    used 15822K, capacity 16945K, committed 17152K, reserved 1048576K
}
Event: 11204.587 GC heap after
{Heap after GC invocations=56 (full 0):
 garbage-first heap   total 466944K, used 156582K [0x0000000700000000, 0x0000000800000000)
  region size 1024K, 10 young (10240K), 10 survivors (10240K)
 Metaspace       used 131249K, capacity 134480K, committed 134872K, reserved 1167360K
  class space    used 15822K, capacity 16945K, committed 17152K, reserved 1048576K
}
Event: 11204.926 GC heap before
{Heap before GC invocations=56 (full 0):
 garbage-first heap   total 466944K, used 351142K [0x0000000700000000, 0x0000000800000000)
  region size 1024K, 200 young (204800K), 10 survivors (10240K)
 Metaspace       used 131347K, capacity 134572K, committed 135128K, reserved 1167360K
  class space    used 15822K, capacity 16945K, committed 17152K, reserved 1048576K
}
Event: 11204.938 GC heap after
{Heap after GC invocations=57 (full 0):
 garbage-first heap   total 466944K, used 158667K [0x0000000700000000, 0x0000000800000000)
  region size 1024K, 13 young (13312K), 13 survivors (13312K)
 Metaspace       used 131347K, capacity 134572K, committed 135128K, reserved 1167360K
  class space    used 15822K, capacity 16945K, committed 17152K, reserved 1048576K
}
Event: 11205.684 GC heap before
{Heap before GC invocations=57 (full 0):
 garbage-first heap   total 466944K, used 402379K [0x0000000700000000, 0x0000000800000000)
  region size 1024K, 248 young (253952K), 13 survivors (13312K)
 Metaspace       used 131613K, capacity 134871K, committed 135128K, reserved 1167360K
  class space    used 15845K, capacity 16971K, committed 17152K, reserved 1048576K
}
Event: 11205.704 GC heap after
{Heap after GC invocations=58 (full 0):
 garbage-first heap   total 466944K, used 155181K [0x0000000700000000, 0x0000000800000000)
  region size 1024K, 9 young (9216K), 9 survivors (9216K)
 Metaspace       used 131613K, capacity 134871K, committed 135128K, reserved 1167360K
  class space    used 15845K, capacity 16971K, committed 17152K, reserved 1048576K
}
Event: 11207.401 GC heap before
{Heap before GC invocations=58 (full 0):
 garbage-first heap   total 466944K, used 401965K [0x0000000700000000, 0x0000000800000000)
  region size 1024K, 250 young (256000K), 9 survivors (9216K)
 Metaspace       used 131624K, capacity 134874K, committed 135128K, reserved 1167360K
  class space    used 15845K, capacity 16971K, committed 17152K, reserved 1048576K
}
Event: 11207.412 GC heap after
{Heap after GC invocations=59 (full 0):
 garbage-first heap   total 466944K, used 160183K [0x0000000700000000, 0x0000000800000000)
  region size 1024K, 14 young (14336K), 14 survivors (14336K)
 Metaspace       used 131624K, capacity 134874K, committed 135128K, reserved 1167360K
  class space    used 15845K, capacity 16971K, committed 17152K, reserved 1048576K
}
Event: 11208.842 GC heap before
{Heap before GC invocations=59 (full 0):
 garbage-first heap   total 466944K, used 401847K [0x0000000700000000, 0x0000000800000000)
  region size 1024K, 249 young (254976K), 14 survivors (14336K)
 Metaspace       used 131639K, capacity 134887K, committed 135128K, reserved 1167360K
  class space    used 15846K, capacity 16973K, committed 17152K, reserved 1048576K
}

