# JRE version: OpenJDK Runtime Environment (11.0.8+10) (build 11.0.8+10-b944.6842174)
# Java VM: OpenJDK 64-Bit Server VM (11.0.8+10-b944.6842174, mixed mode, tiered, compressed oops, g1 gc, windows-amd64)
Heap:
 garbage-first heap   total 440320K, used 249856K [0x0000000700000000, 0x0000000800000000)
  region size 1024K, 107 young (109568K), 8 survivors (8192K)
 Metaspace       used 95597K, capacity 98070K, committed 98252K, reserved 1134592K
  class space    used 12319K, capacity 13208K, committed 13260K, reserved 1048576K
GC Heap History (20 events):
Event: 1.414 GC heap before
{Heap before GC invocations=4 (full 0):
 garbage-first heap   total 262144K, used 30791K [0x0000000700000000, 0x0000000800000000)
  region size 1024K, 20 young (20480K), 4 survivors (4096K)
 Metaspace       used 20567K, capacity 21095K, committed 21248K, reserved 1067008K
  class space    used 2526K, capacity 2712K, committed 2816K, reserved 1048576K
}
Event: 1.417 GC heap after
{Heap after GC invocations=5 (full 0):
 garbage-first heap   total 262144K, used 16074K [0x0000000700000000, 0x0000000800000000)
  region size 1024K, 4 young (4096K), 4 survivors (4096K)
 Metaspace       used 20567K, capacity 21095K, committed 21248K, reserved 1067008K
  class space    used 2526K, capacity 2712K, committed 2816K, reserved 1048576K
}
Event: 1.966 GC heap before
{Heap before GC invocations=6 (full 0):
 garbage-first heap   total 262144K, used 80586K [0x0000000700000000, 0x0000000800000000)
  region size 1024K, 68 young (69632K), 4 survivors (4096K)
 Metaspace       used 27702K, capacity 28328K, committed 28544K, reserved 1073152K
  class space    used 3643K, capacity 3893K, committed 3968K, reserved 1048576K
}
Event: 1.972 GC heap after
{Heap after GC invocations=7 (full 0):
 garbage-first heap   total 315392K, used 18579K [0x0000000700000000, 0x0000000800000000)
  region size 1024K, 7 young (7168K), 7 survivors (7168K)
 Metaspace       used 27702K, capacity 28328K, committed 28544K, reserved 1073152K
  class space    used 3643K, capacity 3893K, committed 3968K, reserved 1048576K
}
Event: 2.609 GC heap before
{Heap before GC invocations=7 (full 0):
 garbage-first heap   total 315392K, used 53395K [0x0000000700000000, 0x0000000800000000)
  region size 1024K, 43 young (44032K), 7 survivors (7168K)
 Metaspace       used 35068K, capacity 35795K, committed 35840K, reserved 1081344K
  class space    used 4553K, capacity 4851K, committed 4864K, reserved 1048576K
}
Event: 2.635 GC heap after
{Heap after GC invocations=8 (full 0):
 garbage-first heap   total 315392K, used 21218K [0x0000000700000000, 0x0000000800000000)
  region size 1024K, 9 young (9216K), 9 survivors (9216K)
 Metaspace       used 35068K, capacity 35795K, committed 35840K, reserved 1081344K
  class space    used 4553K, capacity 4851K, committed 4864K, reserved 1048576K
}
Event: 3.912 GC heap before
{Heap before GC invocations=9 (full 0):
 garbage-first heap   total 315392K, used 184034K [0x0000000700000000, 0x0000000800000000)
  region size 1024K, 162 young (165888K), 9 survivors (9216K)
 Metaspace       used 44899K, capacity 46072K, committed 46336K, reserved 1089536K
  class space    used 5742K, capacity 6117K, committed 6144K, reserved 1048576K
}
Event: 3.925 GC heap after
{Heap after GC invocations=10 (full 0):
 garbage-first heap   total 315392K, used 35840K [0x0000000700000000, 0x0000000800000000)
  region size 1024K, 20 young (20480K), 20 survivors (20480K)
 Metaspace       used 44899K, capacity 46072K, committed 46336K, reserved 1089536K
  class space    used 5742K, capacity 6117K, committed 6144K, reserved 1048576K
}
Event: 4.999 GC heap before
{Heap before GC invocations=10 (full 0):
 garbage-first heap   total 315392K, used 142336K [0x0000000700000000, 0x0000000800000000)
  region size 1024K, 124 young (126976K), 20 survivors (20480K)
 Metaspace       used 58700K, capacity 60119K, committed 60160K, reserved 1101824K
  class space    used 7432K, capacity 7936K, committed 7936K, reserved 1048576K
}
Event: 5.017 GC heap after
{Heap after GC invocations=11 (full 0):
 garbage-first heap   total 315392K, used 43123K [0x0000000700000000, 0x0000000800000000)
  region size 1024K, 19 young (19456K), 19 survivors (19456K)
 Metaspace       used 58700K, capacity 60119K, committed 60160K, reserved 1101824K
  class space    used 7432K, capacity 7936K, committed 7936K, reserved 1048576K
}
Event: 8.486 GC heap before
{Heap before GC invocations=12 (full 0):
 garbage-first heap   total 315392K, used 206963K [0x0000000700000000, 0x0000000800000000)
  region size 1024K, 179 young (183296K), 19 survivors (19456K)
 Metaspace       used 74840K, capacity 76709K, committed 76748K, reserved 1116160K
  class space    used 9794K, capacity 10428K, committed 10444K, reserved 1048576K
}
Event: 8.508 GC heap after
{Heap after GC invocations=13 (full 0):
 garbage-first heap   total 440320K, used 53052K [0x0000000700000000, 0x0000000800000000)
  region size 1024K, 17 young (17408K), 17 survivors (17408K)
 Metaspace       used 74840K, capacity 76709K, committed 76748K, reserved 1116160K
  class space    used 9794K, capacity 10428K, committed 10444K, reserved 1048576K
}
Event: 19.234 GC heap before
{Heap before GC invocations=14 (full 0):
 garbage-first heap   total 440320K, used 314172K [0x0000000700000000, 0x0000000800000000)
  region size 1024K, 258 young (264192K), 17 survivors (17408K)
 Metaspace       used 85801K, capacity 87836K, committed 88012K, reserved 1126400K
  class space    used 11228K, capacity 11945K, committed 11980K, reserved 1048576K
}
Event: 19.299 GC heap after
{Heap after GC invocations=15 (full 0):
 garbage-first heap   total 440320K, used 102189K [0x0000000700000000, 0x0000000800000000)
  region size 1024K, 33 young (33792K), 33 survivors (33792K)
 Metaspace       used 85801K, capacity 87836K, committed 88012K, reserved 1126400K
  class space    used 11228K, capacity 11945K, committed 11980K, reserved 1048576K
}
Event: 19.446 GC heap before
{Heap before GC invocations=15 (full 0):
 garbage-first heap   total 440320K, used 135981K [0x0000000700000000, 0x0000000800000000)
  region size 1024K, 66 young (67584K), 33 survivors (33792K)
 Metaspace       used 86243K, capacity 88265K, committed 88396K, reserved 1126400K
  class space    used 11291K, capacity 12022K, committed 12108K, reserved 1048576K
}
Event: 19.490 GC heap after
{Heap after GC invocations=16 (full 0):
 garbage-first heap   total 440320K, used 120832K [0x0000000700000000, 0x0000000800000000)
  region size 1024K, 9 young (9216K), 9 survivors (9216K)
 Metaspace       used 86243K, capacity 88265K, committed 88396K, reserved 1126400K
  class space    used 11291K, capacity 12022K, committed 12108K, reserved 1048576K
}
Event: 20.528 GC heap before
{Heap before GC invocations=16 (full 0):
 garbage-first heap   total 440320K, used 258048K [0x0000000700000000, 0x0000000800000000)
  region size 1024K, 135 young (138240K), 9 survivors (9216K)
 Metaspace       used 88611K, capacity 90685K, committed 90956K, reserved 1128448K
  class space    used 11561K, capacity 12335K, committed 12364K, reserved 1048576K
}
Event: 20.549 GC heap after
{Heap after GC invocations=17 (full 0):
 garbage-first heap   total 440320K, used 147520K [0x0000000700000000, 0x0000000800000000)
  region size 1024K, 17 young (17408K), 17 survivors (17408K)
 Metaspace       used 88611K, capacity 90685K, committed 90956K, reserved 1128448K
  class space    used 11561K, capacity 12335K, committed 12364K, reserved 1048576K
}
Event: 38.958 GC heap before
{Heap before GC invocations=17 (full 0):
 garbage-first heap   total 440320K, used 280640K [0x0000000700000000, 0x0000000800000000)
  region size 1024K, 141 young (144384K), 17 survivors (17408K)
 Metaspace       used 91003K, capacity 93290K, committed 93516K, reserved 1130496K
  class space    used 11783K, capacity 12606K, committed 12620K, reserved 1048576K
}
Event: 38.981 GC heap after
{Heap after GC invocations=18 (full 0):
 garbage-first heap   total 440320K, used 146432K [0x0000000700000000, 0x0000000800000000)
  region size 1024K, 8 young (8192K), 8 survivors (8192K)
 Metaspace       used 91003K, capacity 93290K, committed 93516K, reserved 1130496K
  class space    used 11783K, capacity 12606K, committed 12620K, reserved 1048576K
}

